<?xml version="1.0" encoding="UTF-8"?>
<!-- Generated by org.testng.reporters.JUnitReportReporter -->
<testsuite skipped="0" hostname="DESKTOP-5JHV4KP" name="mavtest323.mavtest323test.testing" tests="1" failures="0" timestamp="04 Jun 2020 09:07:42 GMT" time="0.022" errors="0">
  <testcase name="team" time="0.022" classname="mavtest323.mavtest323test.testing"/>
</testsuite> <!-- mavtest323.mavtest323test.testing -->
